<?xml version="1.0" encoding="UTF-8"?><testsuite errors="0" failures="1" name="Validate all the UI fields and interactions of staff creation flow" skipped="0" tests="5" time="60.87" timestamp="2018-10-01 11:08:37"><testcase name="Verify Name field on Staff form accepts only Alphabets"/><testcase name="Verify user can not access page navigation buttons when there are no buttons"><failure message="Page Navigation Buttons Are Disabled assertions expected:&lt;false&gt; but was:&lt;true&gt;" type="java.lang.AssertionError">Page Navigation Buttons Are Disabled assertions expected:&lt;false&gt; but was:&lt;true&gt;</failure><system-err>Page Navigation Buttons Are Disabled assertions expected:&lt;false&gt; but was:&lt;true&gt;&#13;
com.gurukulaDatabase.testAutomation.stepDefinitions.RecordUpdateSteps.verifypagenNavigationButtons(RecordUpdateSteps.java:154)&#13;
✽.Page navigation buttons are disabled(src/test/resources/features/staffCRUDOperations/validateStaffScreens/ValidateStaffDatabaseFields.feature:35)&#13;
</system-err></testcase></testsuite>